0 info it worked if it ends with ok
1 verbose cli [ '/Users/zmattor/.nvm/versions/node/v5.2.0/bin/node',
1 verbose cli   '/Users/zmattor/.nvm/versions/node/v5.2.0/bin/npm',
1 verbose cli   'run',
1 verbose cli   'dev' ]
2 info using npm@2.14.15
3 info using node@v5.2.0
4 verbose run-script [ 'predev', 'dev', 'postdev' ]
5 info predev ark-photo@1.0.0
6 info dev ark-photo@1.0.0
7 verbose unsafe-perm in lifecycle true
8 info ark-photo@1.0.0 Failed to exec dev script
9 verbose stack Error: ark-photo@1.0.0 dev: `node index.js`
9 verbose stack Exit status 1
9 verbose stack     at EventEmitter.<anonymous> (/Users/zmattor/.nvm/versions/node/v5.2.0/lib/node_modules/npm/lib/utils/lifecycle.js:214:16)
9 verbose stack     at emitTwo (events.js:88:13)
9 verbose stack     at EventEmitter.emit (events.js:173:7)
9 verbose stack     at ChildProcess.<anonymous> (/Users/zmattor/.nvm/versions/node/v5.2.0/lib/node_modules/npm/lib/utils/spawn.js:24:14)
9 verbose stack     at emitTwo (events.js:88:13)
9 verbose stack     at ChildProcess.emit (events.js:173:7)
9 verbose stack     at maybeClose (internal/child_process.js:819:16)
9 verbose stack     at Process.ChildProcess._handle.onexit (internal/child_process.js:212:5)
10 verbose pkgid ark-photo@1.0.0
11 verbose cwd /Users/zmattor/work/arksaw/ark-photo
12 error Darwin 15.0.0
13 error argv "/Users/zmattor/.nvm/versions/node/v5.2.0/bin/node" "/Users/zmattor/.nvm/versions/node/v5.2.0/bin/npm" "run" "dev"
14 error node v5.2.0
15 error npm  v2.14.15
16 error code ELIFECYCLE
17 error ark-photo@1.0.0 dev: `node index.js`
17 error Exit status 1
18 error Failed at the ark-photo@1.0.0 dev script 'node index.js'.
18 error This is most likely a problem with the ark-photo package,
18 error not with npm itself.
18 error Tell the author that this fails on your system:
18 error     node index.js
18 error You can get their info via:
18 error     npm owner ls ark-photo
18 error There is likely additional logging output above.
19 verbose exit [ 1, true ]
